<?xml version="1.0" encoding="UTF-8"?>
<!-- Generated by org.testng.reporters.JUnitReportReporter -->
<testsuite skipped="0" hostname="PC13" name="demo.Programm" tests="1" failures="0" timestamp="24 Jul 2017 09:59:54 GMT" time="0.032" errors="0">
  <testcase name="f" time="0.032" classname="demo.Programm"/>
</testsuite> <!-- demo.Programm -->
